[19Jul2025 00:02:31.388] [Server thread/INFO] [Chunk Activity Tracker/]: Saving data for 2198 chunks for dimension 'overworld' took 7 milliseconds
[19Jul2025 00:05:04.913] [Worker-Main-39/INFO] [dev.corgitaco.featurerecycler.FeatureRecycler/]: Starting feature recycler...
[19Jul2025 00:05:04.915] [Worker-Main-39/INFO] [dev.corgitaco.featurerecycler.FeatureRecycler/]: Finished recycling features. Took 2ms
[19Jul2025 00:05:05.507] [Server thread/INFO] [Chunk Activity Tracker/]: Saving data for 0 chunks for dimension 'everdawn' took 0 milliseconds
[19Jul2025 00:07:31.325] [Server thread/INFO] [Chunk Activity Tracker/]: Saving data for 2198 chunks for dimension 'overworld' took 3 milliseconds
[19Jul2025 00:07:31.326] [Server thread/INFO] [Chunk Activity Tracker/]: Saving data for 9 chunks for dimension 'everdawn' took 0 milliseconds
[19Jul2025 00:12:31.345] [Server thread/INFO] [Chunk Activity Tracker/]: Saving data for 2209 chunks for dimension 'overworld' took 3 milliseconds
[19Jul2025 00:12:31.345] [Server thread/INFO] [Chunk Activity Tracker/]: Saving data for 13 chunks for dimension 'everdawn' took 0 milliseconds
[19Jul2025 00:17:31.336] [Server thread/INFO] [Chunk Activity Tracker/]: Saving data for 2243 chunks for dimension 'overworld' took 5 milliseconds
[19Jul2025 00:17:31.337] [Server thread/INFO] [Chunk Activity Tracker/]: Saving data for 13 chunks for dimension 'everdawn' took 1 milliseconds
[19Jul2025 00:17:53.176] [Server thread/INFO] [net.minecraft.server.network.ServerGamePacketListenerImpl/]: secgay lost connection: Disconnected
[19Jul2025 00:17:53.177] [Server thread/INFO] [net.minecraft.server.MinecraftServer/]: secgay left the game
[19Jul2025 00:17:53.178] [Server thread/INFO] [voicechat/]: [voicechat] Disconnecting client secgay
[19Jul2025 00:17:53.178] [Server thread/INFO] [xaero.pac.OpenPartiesAndClaims/]: Updating all forceload tickets for 3eaf9c5f-110c-366f-bb65-3f0a4ff52881
[19Jul2025 00:22:31.329] [Server thread/INFO] [Chunk Activity Tracker/]: Saving data for 2243 chunks for dimension 'overworld' took 8 milliseconds
[19Jul2025 00:22:31.331] [Server thread/INFO] [Chunk Activity Tracker/]: Saving data for 13 chunks for dimension 'everdawn' took 2 milliseconds
[19Jul2025 00:27:31.331] [Server thread/INFO] [Chunk Activity Tracker/]: Saving data for 2243 chunks for dimension 'overworld' took 5 milliseconds
[19Jul2025 00:27:31.332] [Server thread/INFO] [Chunk Activity Tracker/]: Saving data for 13 chunks for dimension 'everdawn' took 0 milliseconds
[19Jul2025 00:31:18.398] [Server thread/INFO] [net.minecraft.server.MinecraftServer/]: Stopping server
[19Jul2025 00:31:18.400] [Server thread/INFO] [net.minecraft.server.MinecraftServer/]: Saving players
[19Jul2025 00:31:18.400] [Server thread/INFO] [net.minecraft.server.MinecraftServer/]: Saving worlds
[19Jul2025 00:31:18.459] [Server thread/INFO] [net.minecraft.server.MinecraftServer/]: Saving chunks for level 'ServerLevel[world]'/minecraft:overworld
[19Jul2025 00:31:18.616] [Server thread/INFO] [net.minecraft.server.MinecraftServer/]: Saving chunks for level 'ServerLevel[world]'/minecraft:the_nether
[19Jul2025 00:31:18.616] [Server thread/INFO] [net.minecraft.server.MinecraftServer/]: Saving chunks for level 'ServerLevel[world]'/aether:the_aether
[19Jul2025 00:31:18.616] [Server thread/INFO] [net.minecraft.server.MinecraftServer/]: Saving chunks for level 'ServerLevel[world]'/deeperdarker:otherside
[19Jul2025 00:31:18.618] [Server thread/INFO] [net.minecraft.server.MinecraftServer/]: Saving chunks for level 'ServerLevel[world]'/minecraft:the_end
[19Jul2025 00:31:18.618] [Server thread/INFO] [net.minecraft.server.MinecraftServer/]: Saving chunks for level 'ServerLevel[world]'/blue_skies:everbright
[19Jul2025 00:31:18.618] [Server thread/INFO] [net.minecraft.server.MinecraftServer/]: Saving chunks for level 'ServerLevel[world]'/twilightforest:twilight_forest
[19Jul2025 00:31:18.619] [Server thread/INFO] [net.minecraft.server.MinecraftServer/]: Saving chunks for level 'ServerLevel[world]'/blue_skies:everdawn
[19Jul2025 00:31:18.699] [Server thread/INFO] [net.minecraft.server.MinecraftServer/]: ThreadedAnvilChunkStorage (world): All chunks are saved
[19Jul2025 00:31:18.699] [Server thread/INFO] [net.minecraft.server.MinecraftServer/]: ThreadedAnvilChunkStorage (DIM-1): All chunks are saved
[19Jul2025 00:31:18.700] [Server thread/INFO] [net.minecraft.server.MinecraftServer/]: ThreadedAnvilChunkStorage (the_aether): All chunks are saved
[19Jul2025 00:31:18.700] [Server thread/INFO] [net.minecraft.server.MinecraftServer/]: ThreadedAnvilChunkStorage (otherside): All chunks are saved
[19Jul2025 00:31:18.700] [Server thread/INFO] [net.minecraft.server.MinecraftServer/]: ThreadedAnvilChunkStorage (DIM1): All chunks are saved
[19Jul2025 00:31:18.700] [Server thread/INFO] [net.minecraft.server.MinecraftServer/]: ThreadedAnvilChunkStorage (everbright): All chunks are saved
[19Jul2025 00:31:18.700] [Server thread/INFO] [net.minecraft.server.MinecraftServer/]: ThreadedAnvilChunkStorage (twilight_forest): All chunks are saved
[19Jul2025 00:31:18.700] [Server thread/INFO] [net.minecraft.server.MinecraftServer/]: ThreadedAnvilChunkStorage (everdawn): All chunks are saved
[19Jul2025 00:31:18.700] [Server thread/INFO] [net.minecraft.server.MinecraftServer/]: ThreadedAnvilChunkStorage: All dimensions are saved
[19Jul2025 00:31:19.005] [Server thread/INFO] [Chunk Activity Tracker/]: Server stopping, clearing chunk activity tracking map.
[19Jul2025 00:31:19.010] [Server thread/INFO] [Framework/]: Unloading server configs...
[19Jul2025 00:31:19.010] [Server thread/INFO] [Framework/]: Sending config unload event for backpacked.server.toml
[19Jul2025 00:31:19.012] [Server thread/INFO] [Framework/]: Sending config unload event for goblintraders-entities.toml
[19Jul2025 00:31:19.012] [Server thread/INFO] [Framework/]: Finished unloading server configs
[19Jul2025 00:31:19.012] [Server thread/INFO] [xaero.pac.OpenPartiesAndClaims/]: Stopping IO worker...
[19Jul2025 00:31:19.028] [Server thread/INFO] [xaero.pac.OpenPartiesAndClaims/]: Stopped IO worker!
